<?xml version="1.0" encoding="UTF-8"?>
<!-- Generated by org.testng.reporters.JUnitReportReporter -->
<testsuite hostname="mastanamma" failures="0" tests="2" name="testng.Example$Testng" time="0.013" errors="0" timestamp="2023-07-29T13:05:27 IST" skipped="0">
  <testcase classname="testng.Example$Testng" name="test1" time="0.011"/>
  <testcase classname="testng.Example$Testng" name="test2" time="0.002"/>
</testsuite> <!-- testng.Example$Testng -->
